{"/home/makavto/Документы/ucheba-main/7 sem/team work/gambitto/gambitto-backend/constants.js": {"path":"/home/makavto/Документы/ucheba-main/7 sem/team work/gambitto/gambitto-backend/constants.js","statementMap":{"0":{"start":{"line":1,"column":28},"end":{"line":10,"column":1}},"1":{"start":{"line":12,"column":22},"end":{"line":49,"column":1}},"2":{"start":{"line":51,"column":26},"end":{"line":51,"column":84}},"3":{"start":{"line":53,"column":35},"end":{"line":53,"column":38}},"4":{"start":{"line":55,"column":0},"end":{"line":60,"column":1}}},"fnMap":{},"branchMap":{},"s":{"0":3,"1":3,"2":3,"3":3,"4":3},"f":{},"b":{},"_coverageSchema":"1a1c01bbd47fc00a2c39e90264f33305004495a9","hash":"29297ef3f8eb5f27fffd97e08cfdaa0ee1874c0b"}
,"/home/makavto/Документы/ucheba-main/7 sem/team work/gambitto/gambitto-backend/db.js": {"path":"/home/makavto/Документы/ucheba-main/7 sem/team work/gambitto/gambitto-backend/db.js","statementMap":{"0":{"start":{"line":1,"column":22},"end":{"line":1,"column":42}},"1":{"start":{"line":2,"column":0},"end":{"line":2,"column":67}},"2":{"start":{"line":4,"column":0},"end":{"line":14,"column":2}}},"fnMap":{},"branchMap":{},"s":{"0":3,"1":3,"2":3},"f":{},"b":{},"_coverageSchema":"1a1c01bbd47fc00a2c39e90264f33305004495a9","hash":"7981c928e313263aa747b77ab01cc64798abc084"}
,"/home/makavto/Документы/ucheba-main/7 sem/team work/gambitto/gambitto-backend/error/ApiError.js": {"path":"/home/makavto/Документы/ucheba-main/7 sem/team work/gambitto/gambitto-backend/error/ApiError.js","statementMap":{"0":{"start":{"line":3,"column":4},"end":{"line":3,"column":12}},"1":{"start":{"line":4,"column":4},"end":{"line":4,"column":25}},"2":{"start":{"line":5,"column":4},"end":{"line":5,"column":27}},"3":{"start":{"line":9,"column":4},"end":{"line":9,"column":37}},"4":{"start":{"line":21,"column":4},"end":{"line":21,"column":51}},"5":{"start":{"line":25,"column":0},"end":{"line":25,"column":25}}},"fnMap":{"0":{"name":"(anonymous_0)","decl":{"start":{"line":2,"column":2},"end":{"line":2,"column":3}},"loc":{"start":{"line":2,"column":31},"end":{"line":6,"column":3}},"line":2},"1":{"name":"(anonymous_1)","decl":{"start":{"line":8,"column":2},"end":{"line":8,"column":3}},"loc":{"start":{"line":8,"column":29},"end":{"line":10,"column":3}},"line":8},"2":{"name":"(anonymous_2)","decl":{"start":{"line":20,"column":2},"end":{"line":20,"column":3}},"loc":{"start":{"line":20,"column":24},"end":{"line":22,"column":3}},"line":20}},"branchMap":{},"s":{"0":19,"1":19,"2":19,"3":18,"4":1,"5":3},"f":{"0":19,"1":18,"2":1},"b":{},"_coverageSchema":"1a1c01bbd47fc00a2c39e90264f33305004495a9","hash":"e9064fab75f2d5f57f29335959be9f87f9e60a07"}
,"/home/makavto/Документы/ucheba-main/7 sem/team work/gambitto/gambitto-backend/models/Chat.js": {"path":"/home/makavto/Документы/ucheba-main/7 sem/team work/gambitto/gambitto-backend/models/Chat.js","statementMap":{"0":{"start":{"line":1,"column":18},"end":{"line":1,"column":34}},"1":{"start":{"line":2,"column":20},"end":{"line":2,"column":40}},"2":{"start":{"line":4,"column":13},"end":{"line":6,"column":2}},"3":{"start":{"line":8,"column":0},"end":{"line":8,"column":21}}},"fnMap":{},"branchMap":{},"s":{"0":3,"1":3,"2":3,"3":3},"f":{},"b":{},"_coverageSchema":"1a1c01bbd47fc00a2c39e90264f33305004495a9","hash":"224e5a8e2ac84f1afa8667d122831cee1a140660"}
,"/home/makavto/Документы/ucheba-main/7 sem/team work/gambitto/gambitto-backend/models/ChessGame.js": {"path":"/home/makavto/Документы/ucheba-main/7 sem/team work/gambitto/gambitto-backend/models/ChessGame.js","statementMap":{"0":{"start":{"line":1,"column":18},"end":{"line":1,"column":34}},"1":{"start":{"line":2,"column":20},"end":{"line":2,"column":40}},"2":{"start":{"line":4,"column":18},"end":{"line":8,"column":2}},"3":{"start":{"line":10,"column":0},"end":{"line":10,"column":26}}},"fnMap":{},"branchMap":{},"s":{"0":3,"1":3,"2":3,"3":3},"f":{},"b":{},"_coverageSchema":"1a1c01bbd47fc00a2c39e90264f33305004495a9","hash":"6e5c24207028527b82c131a2020516929f51d805"}
,"/home/makavto/Документы/ucheba-main/7 sem/team work/gambitto/gambitto-backend/models/ChessMove.js": {"path":"/home/makavto/Документы/ucheba-main/7 sem/team work/gambitto/gambitto-backend/models/ChessMove.js","statementMap":{"0":{"start":{"line":1,"column":18},"end":{"line":1,"column":34}},"1":{"start":{"line":2,"column":20},"end":{"line":2,"column":40}},"2":{"start":{"line":4,"column":18},"end":{"line":9,"column":2}},"3":{"start":{"line":11,"column":0},"end":{"line":11,"column":26}}},"fnMap":{},"branchMap":{},"s":{"0":3,"1":3,"2":3,"3":3},"f":{},"b":{},"_coverageSchema":"1a1c01bbd47fc00a2c39e90264f33305004495a9","hash":"ebc90ca6bed62d25e9173cadfdad7319dfdbf6d3"}
,"/home/makavto/Документы/ucheba-main/7 sem/team work/gambitto/gambitto-backend/models/Friendship.js": {"path":"/home/makavto/Документы/ucheba-main/7 sem/team work/gambitto/gambitto-backend/models/Friendship.js","statementMap":{"0":{"start":{"line":1,"column":18},"end":{"line":1,"column":34}},"1":{"start":{"line":2,"column":20},"end":{"line":2,"column":40}},"2":{"start":{"line":4,"column":19},"end":{"line":6,"column":2}},"3":{"start":{"line":8,"column":0},"end":{"line":8,"column":27}}},"fnMap":{},"branchMap":{},"s":{"0":3,"1":3,"2":3,"3":3},"f":{},"b":{},"_coverageSchema":"1a1c01bbd47fc00a2c39e90264f33305004495a9","hash":"70ccdaf58fc2e982e9b9d7c0bafb058dcd022a93"}
,"/home/makavto/Документы/ucheba-main/7 sem/team work/gambitto/gambitto-backend/models/FriendshipStatus.js": {"path":"/home/makavto/Документы/ucheba-main/7 sem/team work/gambitto/gambitto-backend/models/FriendshipStatus.js","statementMap":{"0":{"start":{"line":1,"column":18},"end":{"line":1,"column":34}},"1":{"start":{"line":2,"column":20},"end":{"line":2,"column":40}},"2":{"start":{"line":4,"column":25},"end":{"line":8,"column":2}},"3":{"start":{"line":10,"column":0},"end":{"line":10,"column":33}}},"fnMap":{},"branchMap":{},"s":{"0":3,"1":3,"2":3,"3":3},"f":{},"b":{},"_coverageSchema":"1a1c01bbd47fc00a2c39e90264f33305004495a9","hash":"9444dc2d514be1aeef133e742e74dc3271a9ab3f"}
,"/home/makavto/Документы/ucheba-main/7 sem/team work/gambitto/gambitto-backend/models/GameStatus.js": {"path":"/home/makavto/Документы/ucheba-main/7 sem/team work/gambitto/gambitto-backend/models/GameStatus.js","statementMap":{"0":{"start":{"line":1,"column":18},"end":{"line":1,"column":34}},"1":{"start":{"line":2,"column":20},"end":{"line":2,"column":40}},"2":{"start":{"line":4,"column":19},"end":{"line":8,"column":2}},"3":{"start":{"line":10,"column":0},"end":{"line":10,"column":27}}},"fnMap":{},"branchMap":{},"s":{"0":3,"1":3,"2":3,"3":3},"f":{},"b":{},"_coverageSchema":"1a1c01bbd47fc00a2c39e90264f33305004495a9","hash":"c3ecbc13d4f0eab6b8db2a50d9c4538feab18053"}
,"/home/makavto/Документы/ucheba-main/7 sem/team work/gambitto/gambitto-backend/models/Message.js": {"path":"/home/makavto/Документы/ucheba-main/7 sem/team work/gambitto/gambitto-backend/models/Message.js","statementMap":{"0":{"start":{"line":1,"column":18},"end":{"line":1,"column":34}},"1":{"start":{"line":2,"column":20},"end":{"line":2,"column":40}},"2":{"start":{"line":4,"column":16},"end":{"line":7,"column":2}},"3":{"start":{"line":9,"column":0},"end":{"line":9,"column":24}}},"fnMap":{},"branchMap":{},"s":{"0":3,"1":3,"2":3,"3":3},"f":{},"b":{},"_coverageSchema":"1a1c01bbd47fc00a2c39e90264f33305004495a9","hash":"a16ed23d386f844240c3a62d511837e8c0ef8e1e"}
,"/home/makavto/Документы/ucheba-main/7 sem/team work/gambitto/gambitto-backend/models/RatingsHistory.js": {"path":"/home/makavto/Документы/ucheba-main/7 sem/team work/gambitto/gambitto-backend/models/RatingsHistory.js","statementMap":{"0":{"start":{"line":1,"column":18},"end":{"line":1,"column":34}},"1":{"start":{"line":2,"column":20},"end":{"line":2,"column":40}},"2":{"start":{"line":4,"column":23},"end":{"line":10,"column":2}},"3":{"start":{"line":12,"column":0},"end":{"line":12,"column":31}}},"fnMap":{},"branchMap":{},"s":{"0":3,"1":3,"2":3,"3":3},"f":{},"b":{},"_coverageSchema":"1a1c01bbd47fc00a2c39e90264f33305004495a9","hash":"8a159ef5c4be4bf365e9ba49b1fec0d5b4d780d6"}
,"/home/makavto/Документы/ucheba-main/7 sem/team work/gambitto/gambitto-backend/models/Token.js": {"path":"/home/makavto/Документы/ucheba-main/7 sem/team work/gambitto/gambitto-backend/models/Token.js","statementMap":{"0":{"start":{"line":1,"column":18},"end":{"line":1,"column":34}},"1":{"start":{"line":2,"column":20},"end":{"line":2,"column":40}},"2":{"start":{"line":4,"column":14},"end":{"line":7,"column":2}},"3":{"start":{"line":9,"column":0},"end":{"line":9,"column":22}}},"fnMap":{},"branchMap":{},"s":{"0":3,"1":3,"2":3,"3":3},"f":{},"b":{},"_coverageSchema":"1a1c01bbd47fc00a2c39e90264f33305004495a9","hash":"29e01057742c561773ad0bdd593302a1ded10b26"}
,"/home/makavto/Документы/ucheba-main/7 sem/team work/gambitto/gambitto-backend/models/User.js": {"path":"/home/makavto/Документы/ucheba-main/7 sem/team work/gambitto/gambitto-backend/models/User.js","statementMap":{"0":{"start":{"line":1,"column":18},"end":{"line":1,"column":34}},"1":{"start":{"line":2,"column":20},"end":{"line":2,"column":40}},"2":{"start":{"line":4,"column":13},"end":{"line":11,"column":2}},"3":{"start":{"line":13,"column":0},"end":{"line":13,"column":21}}},"fnMap":{},"branchMap":{},"s":{"0":3,"1":3,"2":3,"3":3},"f":{},"b":{},"_coverageSchema":"1a1c01bbd47fc00a2c39e90264f33305004495a9","hash":"4a8682fc38a92a9312f27984f8b34a7fc0dc11b5"}
,"/home/makavto/Документы/ucheba-main/7 sem/team work/gambitto/gambitto-backend/models/relations.js": {"path":"/home/makavto/Документы/ucheba-main/7 sem/team work/gambitto/gambitto-backend/models/relations.js","statementMap":{"0":{"start":{"line":1,"column":15},"end":{"line":1,"column":33}},"1":{"start":{"line":3,"column":0},"end":{"line":43,"column":1}},"2":{"start":{"line":4,"column":4},"end":{"line":4,"column":137}},"3":{"start":{"line":5,"column":4},"end":{"line":5,"column":139}},"4":{"start":{"line":6,"column":4},"end":{"line":6,"column":108}},"5":{"start":{"line":7,"column":4},"end":{"line":7,"column":108}},"6":{"start":{"line":8,"column":4},"end":{"line":8,"column":145}},"7":{"start":{"line":9,"column":4},"end":{"line":9,"column":145}},"8":{"start":{"line":10,"column":4},"end":{"line":10,"column":40}},"9":{"start":{"line":11,"column":4},"end":{"line":11,"column":42}},"10":{"start":{"line":12,"column":4},"end":{"line":12,"column":37}},"11":{"start":{"line":13,"column":4},"end":{"line":13,"column":47}},"12":{"start":{"line":15,"column":4},"end":{"line":15,"column":40}},"13":{"start":{"line":16,"column":4},"end":{"line":16,"column":77}},"14":{"start":{"line":17,"column":4},"end":{"line":17,"column":77}},"15":{"start":{"line":19,"column":4},"end":{"line":19,"column":42}},"16":{"start":{"line":20,"column":4},"end":{"line":20,"column":42}},"17":{"start":{"line":22,"column":4},"end":{"line":22,"column":50}},"18":{"start":{"line":23,"column":4},"end":{"line":23,"column":47}},"19":{"start":{"line":24,"column":4},"end":{"line":24,"column":52}},"20":{"start":{"line":25,"column":4},"end":{"line":25,"column":86}},"21":{"start":{"line":26,"column":4},"end":{"line":26,"column":86}},"22":{"start":{"line":28,"column":4},"end":{"line":28,"column":49}},"23":{"start":{"line":29,"column":4},"end":{"line":29,"column":54}},"24":{"start":{"line":31,"column":4},"end":{"line":31,"column":49}},"25":{"start":{"line":32,"column":4},"end":{"line":32,"column":44}},"26":{"start":{"line":34,"column":4},"end":{"line":34,"column":48}},"27":{"start":{"line":36,"column":4},"end":{"line":36,"column":57}},"28":{"start":{"line":37,"column":4},"end":{"line":37,"column":82}},"29":{"start":{"line":38,"column":4},"end":{"line":38,"column":83}},"30":{"start":{"line":40,"column":4},"end":{"line":40,"column":55}},"31":{"start":{"line":42,"column":4},"end":{"line":42,"column":40}}},"fnMap":{"0":{"name":"(anonymous_0)","decl":{"start":{"line":3,"column":17},"end":{"line":3,"column":18}},"loc":{"start":{"line":3,"column":23},"end":{"line":43,"column":1}},"line":3}},"branchMap":{},"s":{"0":3,"1":3,"2":3,"3":3,"4":3,"5":3,"6":3,"7":3,"8":3,"9":3,"10":3,"11":3,"12":3,"13":3,"14":3,"15":3,"16":3,"17":3,"18":3,"19":3,"20":3,"21":3,"22":3,"23":3,"24":3,"25":3,"26":3,"27":3,"28":3,"29":3,"30":3,"31":3},"f":{"0":3},"b":{},"_coverageSchema":"1a1c01bbd47fc00a2c39e90264f33305004495a9","hash":"82f89a36b491f319de43a5f9ccfad6abe9e124c3"}
,"/home/makavto/Документы/ucheba-main/7 sem/team work/gambitto/gambitto-backend/seeds/friendshipStatusSeeds.js": {"path":"/home/makavto/Документы/ucheba-main/7 sem/team work/gambitto/gambitto-backend/seeds/friendshipStatusSeeds.js","statementMap":{"0":{"start":{"line":1,"column":25},"end":{"line":1,"column":62}},"1":{"start":{"line":2,"column":32},"end":{"line":2,"column":55}},"2":{"start":{"line":4,"column":34},"end":{"line":8,"column":1}},"3":{"start":{"line":5,"column":2},"end":{"line":7,"column":4}},"4":{"start":{"line":6,"column":4},"end":{"line":6,"column":98}},"5":{"start":{"line":10,"column":0},"end":{"line":10,"column":43}}},"fnMap":{"0":{"name":"(anonymous_0)","decl":{"start":{"line":4,"column":34},"end":{"line":4,"column":35}},"loc":{"start":{"line":4,"column":46},"end":{"line":8,"column":1}},"line":4},"1":{"name":"(anonymous_1)","decl":{"start":{"line":5,"column":30},"end":{"line":5,"column":31}},"loc":{"start":{"line":5,"column":47},"end":{"line":7,"column":3}},"line":5}},"branchMap":{},"s":{"0":3,"1":3,"2":3,"3":3,"4":6,"5":3},"f":{"0":3,"1":6},"b":{},"_coverageSchema":"1a1c01bbd47fc00a2c39e90264f33305004495a9","hash":"77d517117e71a7998c7c2f46de0f8446bdf55666"}
,"/home/makavto/Документы/ucheba-main/7 sem/team work/gambitto/gambitto-backend/seeds/gameStatusSeeds.js": {"path":"/home/makavto/Документы/ucheba-main/7 sem/team work/gambitto/gambitto-backend/seeds/gameStatusSeeds.js","statementMap":{"0":{"start":{"line":1,"column":19},"end":{"line":1,"column":50}},"1":{"start":{"line":2,"column":26},"end":{"line":2,"column":49}},"2":{"start":{"line":4,"column":28},"end":{"line":8,"column":1}},"3":{"start":{"line":5,"column":2},"end":{"line":7,"column":4}},"4":{"start":{"line":6,"column":4},"end":{"line":6,"column":92}},"5":{"start":{"line":10,"column":0},"end":{"line":10,"column":37}}},"fnMap":{"0":{"name":"(anonymous_0)","decl":{"start":{"line":4,"column":28},"end":{"line":4,"column":29}},"loc":{"start":{"line":4,"column":40},"end":{"line":8,"column":1}},"line":4},"1":{"name":"(anonymous_1)","decl":{"start":{"line":5,"column":24},"end":{"line":5,"column":25}},"loc":{"start":{"line":5,"column":41},"end":{"line":7,"column":3}},"line":5}},"branchMap":{},"s":{"0":3,"1":3,"2":3,"3":3,"4":27,"5":3},"f":{"0":3,"1":27},"b":{},"_coverageSchema":"1a1c01bbd47fc00a2c39e90264f33305004495a9","hash":"99274fe6ca08de8ccefeb006b2e799e4803fb3cb"}
,"/home/makavto/Документы/ucheba-main/7 sem/team work/gambitto/gambitto-backend/seeds/indexSeeds.js": {"path":"/home/makavto/Документы/ucheba-main/7 sem/team work/gambitto/gambitto-backend/seeds/indexSeeds.js","statementMap":{"0":{"start":{"line":1,"column":34},"end":{"line":1,"column":68}},"1":{"start":{"line":2,"column":28},"end":{"line":2,"column":56}},"2":{"start":{"line":3,"column":27},"end":{"line":3,"column":54}},"3":{"start":{"line":4,"column":0},"end":{"line":4,"column":67}},"4":{"start":{"line":6,"column":18},"end":{"line":12,"column":1}},"5":{"start":{"line":7,"column":2},"end":{"line":7,"column":30}},"6":{"start":{"line":8,"column":2},"end":{"line":8,"column":36}},"7":{"start":{"line":14,"column":0},"end":{"line":14,"column":27}}},"fnMap":{"0":{"name":"(anonymous_0)","decl":{"start":{"line":6,"column":18},"end":{"line":6,"column":19}},"loc":{"start":{"line":6,"column":30},"end":{"line":12,"column":1}},"line":6}},"branchMap":{},"s":{"0":3,"1":3,"2":3,"3":3,"4":3,"5":3,"6":3,"7":3},"f":{"0":3},"b":{},"_coverageSchema":"1a1c01bbd47fc00a2c39e90264f33305004495a9","hash":"29047f66811717a0577ed8060f0ddee128af2dab"}
,"/home/makavto/Документы/ucheba-main/7 sem/team work/gambitto/gambitto-backend/seeds/mockUsersSeeds.js": {"path":"/home/makavto/Документы/ucheba-main/7 sem/team work/gambitto/gambitto-backend/seeds/mockUsersSeeds.js","statementMap":{"0":{"start":{"line":1,"column":17},"end":{"line":1,"column":37}},"1":{"start":{"line":2,"column":15},"end":{"line":2,"column":32}},"2":{"start":{"line":5,"column":4},"end":{"line":5,"column":61}},"3":{"start":{"line":8,"column":27},"end":{"line":13,"column":1}},"4":{"start":{"line":9,"column":2},"end":{"line":12,"column":3}},"5":{"start":{"line":9,"column":15},"end":{"line":9,"column":16}},"6":{"start":{"line":11,"column":4},"end":{"line":11,"column":192}},"7":{"start":{"line":15,"column":0},"end":{"line":15,"column":36}}},"fnMap":{"0":{"name":"getRandomNumber","decl":{"start":{"line":4,"column":9},"end":{"line":4,"column":24}},"loc":{"start":{"line":4,"column":35},"end":{"line":6,"column":1}},"line":4},"1":{"name":"(anonymous_1)","decl":{"start":{"line":8,"column":27},"end":{"line":8,"column":28}},"loc":{"start":{"line":8,"column":39},"end":{"line":13,"column":1}},"line":8}},"branchMap":{},"s":{"0":3,"1":3,"2":0,"3":3,"4":0,"5":0,"6":0,"7":3},"f":{"0":0,"1":0},"b":{},"_coverageSchema":"1a1c01bbd47fc00a2c39e90264f33305004495a9","hash":"faaaea4c23c0580b22a554e1c72823fb18975d0e"}
,"/home/makavto/Документы/ucheba-main/7 sem/team work/gambitto/gambitto-backend/service/chessService.js": {"path":"/home/makavto/Документы/ucheba-main/7 sem/team work/gambitto/gambitto-backend/service/chessService.js","statementMap":{"0":{"start":{"line":1,"column":15},"end":{"line":1,"column":35}},"1":{"start":{"line":2,"column":17},"end":{"line":2,"column":45}},"2":{"start":{"line":9,"column":4},"end":{"line":9,"column":24}},"3":{"start":{"line":10,"column":18},"end":{"line":10,"column":37}},"4":{"start":{"line":14,"column":4},"end":{"line":14,"column":27}},"5":{"start":{"line":15,"column":21},"end":{"line":15,"column":52}},"6":{"start":{"line":16,"column":29},"end":{"line":16,"column":68}},"7":{"start":{"line":17,"column":22},"end":{"line":17,"column":48}},"8":{"start":{"line":18,"column":21},"end":{"line":18,"column":59}},"9":{"start":{"line":22,"column":19},"end":{"line":22,"column":66}},"10":{"start":{"line":23,"column":20},"end":{"line":23,"column":68}},"11":{"start":{"line":24,"column":4},"end":{"line":26,"column":5}},"12":{"start":{"line":25,"column":6},"end":{"line":25,"column":51}},"13":{"start":{"line":29,"column":4},"end":{"line":35,"column":5}},"14":{"start":{"line":30,"column":6},"end":{"line":30,"column":31}},"15":{"start":{"line":31,"column":6},"end":{"line":31,"column":32}},"16":{"start":{"line":33,"column":6},"end":{"line":33,"column":32}},"17":{"start":{"line":34,"column":6},"end":{"line":34,"column":31}},"18":{"start":{"line":36,"column":29},"end":{"line":38,"column":6}},"19":{"start":{"line":39,"column":20},"end":{"line":45,"column":6}},"20":{"start":{"line":46,"column":4},"end":{"line":46,"column":43}},"21":{"start":{"line":50,"column":17},"end":{"line":50,"column":44}},"22":{"start":{"line":51,"column":4},"end":{"line":53,"column":5}},"23":{"start":{"line":52,"column":6},"end":{"line":52,"column":51}},"24":{"start":{"line":54,"column":18},"end":{"line":54,"column":22}},"25":{"start":{"line":55,"column":4},"end":{"line":84,"column":5}},"26":{"start":{"line":56,"column":6},"end":{"line":83,"column":7}},"27":{"start":{"line":61,"column":33},"end":{"line":63,"column":10}},"28":{"start":{"line":66,"column":25},"end":{"line":66,"column":31}},"29":{"start":{"line":67,"column":26},"end":{"line":67,"column":45}},"30":{"start":{"line":68,"column":8},"end":{"line":74,"column":9}},"31":{"start":{"line":69,"column":10},"end":{"line":69,"column":35}},"32":{"start":{"line":70,"column":10},"end":{"line":70,"column":36}},"33":{"start":{"line":72,"column":10},"end":{"line":72,"column":36}},"34":{"start":{"line":73,"column":10},"end":{"line":73,"column":35}},"35":{"start":{"line":75,"column":8},"end":{"line":81,"column":11}},"36":{"start":{"line":82,"column":8},"end":{"line":82,"column":14}},"37":{"start":{"line":85,"column":4},"end":{"line":95,"column":5}},"38":{"start":{"line":86,"column":6},"end":{"line":86,"column":45}},"39":{"start":{"line":88,"column":6},"end":{"line":93,"column":7}},"40":{"start":{"line":89,"column":8},"end":{"line":92,"column":9}},"41":{"start":{"line":90,"column":10},"end":{"line":90,"column":48}},"42":{"start":{"line":91,"column":10},"end":{"line":91,"column":16}},"43":{"start":{"line":94,"column":6},"end":{"line":94,"column":18}},"44":{"start":{"line":99,"column":4},"end":{"line":104,"column":5}},"45":{"start":{"line":100,"column":6},"end":{"line":103,"column":7}},"46":{"start":{"line":101,"column":8},"end":{"line":101,"column":47}},"47":{"start":{"line":102,"column":8},"end":{"line":102,"column":14}},"48":{"start":{"line":105,"column":4},"end":{"line":105,"column":16}},"49":{"start":{"line":109,"column":18},"end":{"line":112,"column":6}},"50":{"start":{"line":113,"column":4},"end":{"line":113,"column":48}},"51":{"start":{"line":113,"column":38},"end":{"line":113,"column":48}},"52":{"start":{"line":114,"column":4},"end":{"line":118,"column":6}},"53":{"start":{"line":116,"column":8},"end":{"line":116,"column":44}},"54":{"start":{"line":122,"column":17},"end":{"line":124,"column":6}},"55":{"start":{"line":125,"column":4},"end":{"line":127,"column":5}},"56":{"start":{"line":126,"column":6},"end":{"line":126,"column":48}},"57":{"start":{"line":128,"column":29},"end":{"line":130,"column":6}},"58":{"start":{"line":131,"column":4},"end":{"line":133,"column":5}},"59":{"start":{"line":132,"column":6},"end":{"line":132,"column":64}},"60":{"start":{"line":134,"column":29},"end":{"line":136,"column":6}},"61":{"start":{"line":137,"column":4},"end":{"line":137,"column":44}},"62":{"start":{"line":138,"column":4},"end":{"line":138,"column":16}},"63":{"start":{"line":139,"column":4},"end":{"line":139,"column":40}},"64":{"start":{"line":143,"column":17},"end":{"line":145,"column":6}},"65":{"start":{"line":146,"column":4},"end":{"line":148,"column":5}},"66":{"start":{"line":147,"column":6},"end":{"line":147,"column":48}},"67":{"start":{"line":149,"column":29},"end":{"line":151,"column":6}},"68":{"start":{"line":152,"column":4},"end":{"line":154,"column":5}},"69":{"start":{"line":153,"column":6},"end":{"line":153,"column":65}},"70":{"start":{"line":155,"column":27},"end":{"line":157,"column":6}},"71":{"start":{"line":158,"column":4},"end":{"line":158,"column":42}},"72":{"start":{"line":159,"column":4},"end":{"line":159,"column":16}},"73":{"start":{"line":160,"column":4},"end":{"line":160,"column":40}},"74":{"start":{"line":164,"column":17},"end":{"line":168,"column":6}},"75":{"start":{"line":169,"column":4},"end":{"line":171,"column":5}},"76":{"start":{"line":170,"column":6},"end":{"line":170,"column":48}},"77":{"start":{"line":172,"column":4},"end":{"line":172,"column":48}},"78":{"start":{"line":176,"column":29},"end":{"line":178,"column":6}},"79":{"start":{"line":179,"column":17},"end":{"line":185,"column":6}},"80":{"start":{"line":186,"column":4},"end":{"line":188,"column":5}},"81":{"start":{"line":187,"column":6},"end":{"line":187,"column":48}},"82":{"start":{"line":189,"column":21},"end":{"line":192,"column":6}},"83":{"start":{"line":193,"column":25},"end":{"line":195,"column":25}},"84":{"start":{"line":196,"column":18},"end":{"line":196,"column":43}},"85":{"start":{"line":197,"column":4},"end":{"line":200,"column":5}},"86":{"start":{"line":198,"column":6},"end":{"line":198,"column":36}},"87":{"start":{"line":199,"column":6},"end":{"line":199,"column":35}},"88":{"start":{"line":202,"column":20},"end":{"line":202,"column":32}},"89":{"start":{"line":203,"column":4},"end":{"line":208,"column":5}},"90":{"start":{"line":207,"column":6},"end":{"line":207,"column":50}},"91":{"start":{"line":209,"column":4},"end":{"line":213,"column":5}},"92":{"start":{"line":210,"column":6},"end":{"line":210,"column":27}},"93":{"start":{"line":212,"column":6},"end":{"line":212,"column":47}},"94":{"start":{"line":214,"column":20},"end":{"line":220,"column":6}},"95":{"start":{"line":223,"column":4},"end":{"line":237,"column":5}},"96":{"start":{"line":224,"column":6},"end":{"line":234,"column":7}},"97":{"start":{"line":225,"column":8},"end":{"line":225,"column":52}},"98":{"start":{"line":226,"column":8},"end":{"line":228,"column":11}},"99":{"start":{"line":230,"column":8},"end":{"line":230,"column":52}},"100":{"start":{"line":231,"column":8},"end":{"line":233,"column":11}},"101":{"start":{"line":235,"column":6},"end":{"line":235,"column":40}},"102":{"start":{"line":236,"column":6},"end":{"line":236,"column":18}},"103":{"start":{"line":238,"column":4},"end":{"line":243,"column":5}},"104":{"start":{"line":239,"column":6},"end":{"line":239,"column":52}},"105":{"start":{"line":240,"column":6},"end":{"line":240,"column":80}},"106":{"start":{"line":241,"column":6},"end":{"line":241,"column":40}},"107":{"start":{"line":242,"column":6},"end":{"line":242,"column":18}},"108":{"start":{"line":244,"column":4},"end":{"line":251,"column":5}},"109":{"start":{"line":245,"column":6},"end":{"line":245,"column":52}},"110":{"start":{"line":246,"column":6},"end":{"line":248,"column":9}},"111":{"start":{"line":249,"column":6},"end":{"line":249,"column":40}},"112":{"start":{"line":250,"column":6},"end":{"line":250,"column":18}},"113":{"start":{"line":252,"column":4},"end":{"line":257,"column":5}},"114":{"start":{"line":253,"column":6},"end":{"line":253,"column":52}},"115":{"start":{"line":254,"column":6},"end":{"line":254,"column":75}},"116":{"start":{"line":255,"column":6},"end":{"line":255,"column":40}},"117":{"start":{"line":256,"column":6},"end":{"line":256,"column":18}},"118":{"start":{"line":258,"column":4},"end":{"line":263,"column":5}},"119":{"start":{"line":259,"column":6},"end":{"line":259,"column":52}},"120":{"start":{"line":260,"column":6},"end":{"line":260,"column":80}},"121":{"start":{"line":261,"column":6},"end":{"line":261,"column":40}},"122":{"start":{"line":262,"column":6},"end":{"line":262,"column":18}},"123":{"start":{"line":264,"column":4},"end":{"line":264,"column":48}},"124":{"start":{"line":268,"column":29},"end":{"line":270,"column":6}},"125":{"start":{"line":271,"column":17},"end":{"line":277,"column":6}},"126":{"start":{"line":278,"column":4},"end":{"line":280,"column":5}},"127":{"start":{"line":279,"column":6},"end":{"line":279,"column":48}},"128":{"start":{"line":282,"column":4},"end":{"line":285,"column":5}},"129":{"start":{"line":283,"column":6},"end":{"line":283,"column":50}},"130":{"start":{"line":284,"column":6},"end":{"line":284,"column":79}},"131":{"start":{"line":286,"column":4},"end":{"line":289,"column":5}},"132":{"start":{"line":287,"column":6},"end":{"line":287,"column":50}},"133":{"start":{"line":288,"column":6},"end":{"line":288,"column":79}},"134":{"start":{"line":290,"column":4},"end":{"line":290,"column":38}},"135":{"start":{"line":291,"column":4},"end":{"line":291,"column":16}},"136":{"start":{"line":292,"column":4},"end":{"line":292,"column":48}},"137":{"start":{"line":296,"column":29},"end":{"line":298,"column":6}},"138":{"start":{"line":299,"column":18},"end":{"line":301,"column":6}},"139":{"start":{"line":302,"column":4},"end":{"line":306,"column":6}},"140":{"start":{"line":304,"column":8},"end":{"line":304,"column":44}},"141":{"start":{"line":310,"column":0},"end":{"line":310,"column":36}}},"fnMap":{"0":{"name":"(anonymous_0)","decl":{"start":{"line":21,"column":2},"end":{"line":21,"column":3}},"loc":{"start":{"line":21,"column":44},"end":{"line":47,"column":3}},"line":21},"1":{"name":"(anonymous_1)","decl":{"start":{"line":49,"column":2},"end":{"line":49,"column":3}},"loc":{"start":{"line":49,"column":32},"end":{"line":96,"column":3}},"line":49},"2":{"name":"(anonymous_2)","decl":{"start":{"line":98,"column":2},"end":{"line":98,"column":3}},"loc":{"start":{"line":98,"column":30},"end":{"line":106,"column":3}},"line":98},"3":{"name":"(anonymous_3)","decl":{"start":{"line":108,"column":2},"end":{"line":108,"column":3}},"loc":{"start":{"line":108,"column":29},"end":{"line":119,"column":3}},"line":108},"4":{"name":"(anonymous_4)","decl":{"start":{"line":115,"column":16},"end":{"line":115,"column":17}},"loc":{"start":{"line":115,"column":32},"end":{"line":117,"column":7}},"line":115},"5":{"name":"(anonymous_5)","decl":{"start":{"line":121,"column":2},"end":{"line":121,"column":3}},"loc":{"start":{"line":121,"column":41},"end":{"line":140,"column":3}},"line":121},"6":{"name":"(anonymous_6)","decl":{"start":{"line":142,"column":2},"end":{"line":142,"column":3}},"loc":{"start":{"line":142,"column":42},"end":{"line":161,"column":3}},"line":142},"7":{"name":"(anonymous_7)","decl":{"start":{"line":163,"column":2},"end":{"line":163,"column":3}},"loc":{"start":{"line":163,"column":36},"end":{"line":173,"column":3}},"line":163},"8":{"name":"(anonymous_8)","decl":{"start":{"line":175,"column":2},"end":{"line":175,"column":3}},"loc":{"start":{"line":175,"column":43},"end":{"line":265,"column":3}},"line":175},"9":{"name":"(anonymous_9)","decl":{"start":{"line":267,"column":2},"end":{"line":267,"column":3}},"loc":{"start":{"line":267,"column":31},"end":{"line":293,"column":3}},"line":267},"10":{"name":"(anonymous_10)","decl":{"start":{"line":295,"column":2},"end":{"line":295,"column":3}},"loc":{"start":{"line":295,"column":33},"end":{"line":307,"column":3}},"line":295},"11":{"name":"(anonymous_11)","decl":{"start":{"line":303,"column":16},"end":{"line":303,"column":17}},"loc":{"start":{"line":303,"column":32},"end":{"line":305,"column":7}},"line":303}},"branchMap":{"0":{"loc":{"start":{"line":24,"column":4},"end":{"line":26,"column":5}},"type":"if","locations":[{"start":{"line":24,"column":4},"end":{"line":26,"column":5}},{"start":{},"end":{}}],"line":24},"1":{"loc":{"start":{"line":24,"column":8},"end":{"line":24,"column":55}},"type":"binary-expr","locations":[{"start":{"line":24,"column":8},"end":{"line":24,"column":15}},{"start":{"line":24,"column":19},"end":{"line":24,"column":27}},{"start":{"line":24,"column":31},"end":{"line":24,"column":55}}],"line":24},"2":{"loc":{"start":{"line":29,"column":4},"end":{"line":35,"column":5}},"type":"if","locations":[{"start":{"line":29,"column":4},"end":{"line":35,"column":5}},{"start":{"line":32,"column":11},"end":{"line":35,"column":5}}],"line":29},"3":{"loc":{"start":{"line":51,"column":4},"end":{"line":53,"column":5}},"type":"if","locations":[{"start":{"line":51,"column":4},"end":{"line":53,"column":5}},{"start":{},"end":{}}],"line":51},"4":{"loc":{"start":{"line":56,"column":6},"end":{"line":83,"column":7}},"type":"if","locations":[{"start":{"line":56,"column":6},"end":{"line":83,"column":7}},{"start":{},"end":{}}],"line":56},"5":{"loc":{"start":{"line":57,"column":8},"end":{"line":59,"column":36}},"type":"binary-expr","locations":[{"start":{"line":57,"column":8},"end":{"line":57,"column":38}},{"start":{"line":58,"column":8},"end":{"line":59,"column":36}}],"line":57},"6":{"loc":{"start":{"line":68,"column":8},"end":{"line":74,"column":9}},"type":"if","locations":[{"start":{"line":68,"column":8},"end":{"line":74,"column":9}},{"start":{"line":71,"column":15},"end":{"line":74,"column":9}}],"line":68},"7":{"loc":{"start":{"line":85,"column":4},"end":{"line":95,"column":5}},"type":"if","locations":[{"start":{"line":85,"column":4},"end":{"line":95,"column":5}},{"start":{"line":87,"column":11},"end":{"line":95,"column":5}}],"line":85},"8":{"loc":{"start":{"line":89,"column":8},"end":{"line":92,"column":9}},"type":"if","locations":[{"start":{"line":89,"column":8},"end":{"line":92,"column":9}},{"start":{},"end":{}}],"line":89},"9":{"loc":{"start":{"line":100,"column":6},"end":{"line":103,"column":7}},"type":"if","locations":[{"start":{"line":100,"column":6},"end":{"line":103,"column":7}},{"start":{},"end":{}}],"line":100},"10":{"loc":{"start":{"line":113,"column":4},"end":{"line":113,"column":48}},"type":"if","locations":[{"start":{"line":113,"column":4},"end":{"line":113,"column":48}},{"start":{},"end":{}}],"line":113},"11":{"loc":{"start":{"line":113,"column":8},"end":{"line":113,"column":36}},"type":"binary-expr","locations":[{"start":{"line":113,"column":8},"end":{"line":113,"column":26}},{"start":{"line":113,"column":30},"end":{"line":113,"column":36}}],"line":113},"12":{"loc":{"start":{"line":125,"column":4},"end":{"line":127,"column":5}},"type":"if","locations":[{"start":{"line":125,"column":4},"end":{"line":127,"column":5}},{"start":{},"end":{}}],"line":125},"13":{"loc":{"start":{"line":131,"column":4},"end":{"line":133,"column":5}},"type":"if","locations":[{"start":{"line":131,"column":4},"end":{"line":133,"column":5}},{"start":{},"end":{}}],"line":131},"14":{"loc":{"start":{"line":146,"column":4},"end":{"line":148,"column":5}},"type":"if","locations":[{"start":{"line":146,"column":4},"end":{"line":148,"column":5}},{"start":{},"end":{}}],"line":146},"15":{"loc":{"start":{"line":152,"column":4},"end":{"line":154,"column":5}},"type":"if","locations":[{"start":{"line":152,"column":4},"end":{"line":154,"column":5}},{"start":{},"end":{}}],"line":152},"16":{"loc":{"start":{"line":169,"column":4},"end":{"line":171,"column":5}},"type":"if","locations":[{"start":{"line":169,"column":4},"end":{"line":171,"column":5}},{"start":{},"end":{}}],"line":169},"17":{"loc":{"start":{"line":186,"column":4},"end":{"line":188,"column":5}},"type":"if","locations":[{"start":{"line":186,"column":4},"end":{"line":188,"column":5}},{"start":{},"end":{}}],"line":186},"18":{"loc":{"start":{"line":193,"column":25},"end":{"line":195,"column":25}},"type":"cond-expr","locations":[{"start":{"line":194,"column":8},"end":{"line":194,"column":31}},{"start":{"line":195,"column":8},"end":{"line":195,"column":25}}],"line":193},"19":{"loc":{"start":{"line":197,"column":4},"end":{"line":200,"column":5}},"type":"if","locations":[{"start":{"line":197,"column":4},"end":{"line":200,"column":5}},{"start":{},"end":{}}],"line":197},"20":{"loc":{"start":{"line":203,"column":4},"end":{"line":208,"column":5}},"type":"if","locations":[{"start":{"line":203,"column":4},"end":{"line":208,"column":5}},{"start":{},"end":{}}],"line":203},"21":{"loc":{"start":{"line":204,"column":6},"end":{"line":205,"column":56}},"type":"binary-expr","locations":[{"start":{"line":204,"column":7},"end":{"line":204,"column":22}},{"start":{"line":204,"column":26},"end":{"line":204,"column":55}},{"start":{"line":205,"column":7},"end":{"line":205,"column":22}},{"start":{"line":205,"column":26},"end":{"line":205,"column":55}}],"line":204},"22":{"loc":{"start":{"line":215,"column":18},"end":{"line":215,"column":58}},"type":"cond-expr","locations":[{"start":{"line":215,"column":31},"end":{"line":215,"column":54}},{"start":{"line":215,"column":57},"end":{"line":215,"column":58}}],"line":215},"23":{"loc":{"start":{"line":223,"column":4},"end":{"line":237,"column":5}},"type":"if","locations":[{"start":{"line":223,"column":4},"end":{"line":237,"column":5}},{"start":{},"end":{}}],"line":223},"24":{"loc":{"start":{"line":224,"column":6},"end":{"line":234,"column":7}},"type":"if","locations":[{"start":{"line":224,"column":6},"end":{"line":234,"column":7}},{"start":{"line":229,"column":13},"end":{"line":234,"column":7}}],"line":224},"25":{"loc":{"start":{"line":238,"column":4},"end":{"line":243,"column":5}},"type":"if","locations":[{"start":{"line":238,"column":4},"end":{"line":243,"column":5}},{"start":{},"end":{}}],"line":238},"26":{"loc":{"start":{"line":244,"column":4},"end":{"line":251,"column":5}},"type":"if","locations":[{"start":{"line":244,"column":4},"end":{"line":251,"column":5}},{"start":{},"end":{}}],"line":244},"27":{"loc":{"start":{"line":252,"column":4},"end":{"line":257,"column":5}},"type":"if","locations":[{"start":{"line":252,"column":4},"end":{"line":257,"column":5}},{"start":{},"end":{}}],"line":252},"28":{"loc":{"start":{"line":258,"column":4},"end":{"line":263,"column":5}},"type":"if","locations":[{"start":{"line":258,"column":4},"end":{"line":263,"column":5}},{"start":{},"end":{}}],"line":258},"29":{"loc":{"start":{"line":278,"column":4},"end":{"line":280,"column":5}},"type":"if","locations":[{"start":{"line":278,"column":4},"end":{"line":280,"column":5}},{"start":{},"end":{}}],"line":278},"30":{"loc":{"start":{"line":282,"column":4},"end":{"line":285,"column":5}},"type":"if","locations":[{"start":{"line":282,"column":4},"end":{"line":285,"column":5}},{"start":{},"end":{}}],"line":282},"31":{"loc":{"start":{"line":286,"column":4},"end":{"line":289,"column":5}},"type":"if","locations":[{"start":{"line":286,"column":4},"end":{"line":289,"column":5}},{"start":{},"end":{}}],"line":286}},"s":{"0":3,"1":3,"2":3,"3":3,"4":3,"5":3,"6":3,"7":3,"8":3,"9":14,"10":14,"11":14,"12":2,"13":12,"14":7,"15":7,"16":5,"17":5,"18":12,"19":12,"20":12,"21":4,"22":4,"23":0,"24":4,"25":4,"26":0,"27":0,"28":0,"29":0,"30":0,"31":0,"32":0,"33":0,"34":0,"35":0,"36":0,"37":4,"38":0,"39":4,"40":0,"41":0,"42":0,"43":4,"44":1,"45":0,"46":0,"47":0,"48":1,"49":3,"50":3,"51":3,"52":0,"53":0,"54":10,"55":10,"56":2,"57":8,"58":8,"59":0,"60":8,"61":8,"62":8,"63":8,"64":2,"65":2,"66":1,"67":1,"68":1,"69":0,"70":1,"71":1,"72":1,"73":1,"74":0,"75":0,"76":0,"77":0,"78":19,"79":19,"80":19,"81":0,"82":19,"83":19,"84":19,"85":19,"86":13,"87":13,"88":19,"89":19,"90":1,"91":18,"92":18,"93":1,"94":17,"95":17,"96":2,"97":1,"98":1,"99":1,"100":1,"101":2,"102":2,"103":17,"104":0,"105":0,"106":0,"107":0,"108":17,"109":0,"110":0,"111":0,"112":0,"113":17,"114":0,"115":0,"116":0,"117":0,"118":17,"119":0,"120":0,"121":0,"122":0,"123":17,"124":2,"125":2,"126":2,"127":1,"128":1,"129":1,"130":1,"131":1,"132":0,"133":0,"134":1,"135":1,"136":1,"137":1,"138":1,"139":1,"140":3,"141":3},"f":{"0":14,"1":4,"2":1,"3":3,"4":0,"5":10,"6":2,"7":0,"8":19,"9":2,"10":1,"11":3},"b":{"0":[2,12],"1":[14,14,13],"2":[7,5],"3":[0,4],"4":[0,0],"5":[0,0],"6":[0,0],"7":[0,4],"8":[0,0],"9":[0,0],"10":[3,0],"11":[3,0],"12":[2,8],"13":[0,8],"14":[1,1],"15":[0,1],"16":[0,0],"17":[0,19],"18":[13,6],"19":[13,6],"20":[1,18],"21":[19,12,18,7],"22":[13,4],"23":[2,15],"24":[1,1],"25":[0,17],"26":[0,17],"27":[0,17],"28":[0,17],"29":[1,1],"30":[1,0],"31":[0,1]},"_coverageSchema":"1a1c01bbd47fc00a2c39e90264f33305004495a9","hash":"83e10ac2a68b3e5324072a24a8c61a1ff865b81d"}
,"/home/makavto/Документы/ucheba-main/7 sem/team work/gambitto/gambitto-backend/service/friendshipService.js": {"path":"/home/makavto/Документы/ucheba-main/7 sem/team work/gambitto/gambitto-backend/service/friendshipService.js","statementMap":{"0":{"start":{"line":1,"column":17},"end":{"line":1,"column":45}},"1":{"start":{"line":2,"column":15},"end":{"line":2,"column":35}},"2":{"start":{"line":3,"column":41},"end":{"line":3,"column":61}},"3":{"start":{"line":4,"column":22},"end":{"line":4,"column":54}},"4":{"start":{"line":8,"column":4},"end":{"line":10,"column":5}},"5":{"start":{"line":9,"column":6},"end":{"line":9,"column":66}},"6":{"start":{"line":11,"column":4},"end":{"line":13,"column":5}},"7":{"start":{"line":12,"column":6},"end":{"line":12,"column":51}},"8":{"start":{"line":14,"column":29},"end":{"line":14,"column":92}},"9":{"start":{"line":15,"column":23},"end":{"line":15,"column":118}},"10":{"start":{"line":16,"column":4},"end":{"line":16,"column":47}},"11":{"start":{"line":20,"column":27},"end":{"line":20,"column":87}},"12":{"start":{"line":21,"column":29},"end":{"line":21,"column":92}},"13":{"start":{"line":22,"column":23},"end":{"line":22,"column":128}},"14":{"start":{"line":23,"column":4},"end":{"line":23,"column":69}},"15":{"start":{"line":23,"column":21},"end":{"line":23,"column":69}},"16":{"start":{"line":24,"column":4},"end":{"line":24,"column":54}},"17":{"start":{"line":25,"column":4},"end":{"line":25,"column":22}},"18":{"start":{"line":26,"column":4},"end":{"line":26,"column":47}},"19":{"start":{"line":30,"column":29},"end":{"line":30,"column":92}},"20":{"start":{"line":31,"column":23},"end":{"line":31,"column":128}},"21":{"start":{"line":32,"column":4},"end":{"line":32,"column":69}},"22":{"start":{"line":32,"column":21},"end":{"line":32,"column":69}},"23":{"start":{"line":33,"column":4},"end":{"line":33,"column":25}},"24":{"start":{"line":34,"column":4},"end":{"line":34,"column":47}},"25":{"start":{"line":38,"column":24},"end":{"line":38,"column":111}},"26":{"start":{"line":39,"column":4},"end":{"line":41,"column":7}},"27":{"start":{"line":40,"column":6},"end":{"line":40,"column":49}},"28":{"start":{"line":45,"column":23},"end":{"line":45,"column":128}},"29":{"start":{"line":46,"column":4},"end":{"line":48,"column":5}},"30":{"start":{"line":47,"column":6},"end":{"line":47,"column":53}},"31":{"start":{"line":49,"column":4},"end":{"line":49,"column":25}},"32":{"start":{"line":50,"column":4},"end":{"line":50,"column":47}},"33":{"start":{"line":54,"column":29},"end":{"line":54,"column":92}},"34":{"start":{"line":55,"column":24},"end":{"line":55,"column":119}},"35":{"start":{"line":56,"column":4},"end":{"line":58,"column":7}},"36":{"start":{"line":57,"column":6},"end":{"line":57,"column":49}},"37":{"start":{"line":62,"column":0},"end":{"line":62,"column":40}}},"fnMap":{"0":{"name":"(anonymous_0)","decl":{"start":{"line":7,"column":2},"end":{"line":7,"column":3}},"loc":{"start":{"line":7,"column":37},"end":{"line":17,"column":3}},"line":7},"1":{"name":"(anonymous_1)","decl":{"start":{"line":19,"column":2},"end":{"line":19,"column":3}},"loc":{"start":{"line":19,"column":46},"end":{"line":27,"column":3}},"line":19},"2":{"name":"(anonymous_2)","decl":{"start":{"line":29,"column":2},"end":{"line":29,"column":3}},"loc":{"start":{"line":29,"column":47},"end":{"line":35,"column":3}},"line":29},"3":{"name":"(anonymous_3)","decl":{"start":{"line":37,"column":2},"end":{"line":37,"column":3}},"loc":{"start":{"line":37,"column":31},"end":{"line":42,"column":3}},"line":37},"4":{"name":"(anonymous_4)","decl":{"start":{"line":39,"column":45},"end":{"line":39,"column":46}},"loc":{"start":{"line":39,"column":67},"end":{"line":41,"column":5}},"line":39},"5":{"name":"(anonymous_5)","decl":{"start":{"line":44,"column":2},"end":{"line":44,"column":3}},"loc":{"start":{"line":44,"column":43},"end":{"line":51,"column":3}},"line":44},"6":{"name":"(anonymous_6)","decl":{"start":{"line":53,"column":2},"end":{"line":53,"column":3}},"loc":{"start":{"line":53,"column":33},"end":{"line":59,"column":3}},"line":53},"7":{"name":"(anonymous_7)","decl":{"start":{"line":56,"column":45},"end":{"line":56,"column":46}},"loc":{"start":{"line":56,"column":67},"end":{"line":58,"column":5}},"line":56}},"branchMap":{"0":{"loc":{"start":{"line":8,"column":4},"end":{"line":10,"column":5}},"type":"if","locations":[{"start":{"line":8,"column":4},"end":{"line":10,"column":5}},{"start":{},"end":{}}],"line":8},"1":{"loc":{"start":{"line":11,"column":4},"end":{"line":13,"column":5}},"type":"if","locations":[{"start":{"line":11,"column":4},"end":{"line":13,"column":5}},{"start":{},"end":{}}],"line":11},"2":{"loc":{"start":{"line":23,"column":4},"end":{"line":23,"column":69}},"type":"if","locations":[{"start":{"line":23,"column":4},"end":{"line":23,"column":69}},{"start":{},"end":{}}],"line":23},"3":{"loc":{"start":{"line":32,"column":4},"end":{"line":32,"column":69}},"type":"if","locations":[{"start":{"line":32,"column":4},"end":{"line":32,"column":69}},{"start":{},"end":{}}],"line":32},"4":{"loc":{"start":{"line":46,"column":4},"end":{"line":48,"column":5}},"type":"if","locations":[{"start":{"line":46,"column":4},"end":{"line":48,"column":5}},{"start":{},"end":{}}],"line":46}},"s":{"0":1,"1":1,"2":1,"3":1,"4":10,"5":1,"6":9,"7":1,"8":8,"9":8,"10":8,"11":5,"12":5,"13":5,"14":5,"15":2,"16":3,"17":3,"18":3,"19":2,"20":2,"21":2,"22":1,"23":1,"24":1,"25":1,"26":1,"27":1,"28":2,"29":2,"30":1,"31":1,"32":1,"33":2,"34":2,"35":2,"36":1,"37":1},"f":{"0":10,"1":5,"2":2,"3":1,"4":1,"5":2,"6":2,"7":1},"b":{"0":[1,9],"1":[1,8],"2":[2,3],"3":[1,1],"4":[1,1]},"_coverageSchema":"1a1c01bbd47fc00a2c39e90264f33305004495a9","hash":"8f416c74423f56541a19f83c0fe148da6287ea47"}
,"/home/makavto/Документы/ucheba-main/7 sem/team work/gambitto/gambitto-backend/service/ratingService.js": {"path":"/home/makavto/Документы/ucheba-main/7 sem/team work/gambitto/gambitto-backend/service/ratingService.js","statementMap":{"0":{"start":{"line":1,"column":15},"end":{"line":1,"column":35}},"1":{"start":{"line":2,"column":44},"end":{"line":2,"column":64}},"2":{"start":{"line":3,"column":27},"end":{"line":3,"column":61}},"3":{"start":{"line":7,"column":24},"end":{"line":9,"column":6}},"4":{"start":{"line":10,"column":32},"end":{"line":19,"column":6}},"5":{"start":{"line":20,"column":24},"end":{"line":22,"column":6}},"6":{"start":{"line":23,"column":32},"end":{"line":32,"column":6}},"7":{"start":{"line":33,"column":27},"end":{"line":37,"column":5}},"8":{"start":{"line":38,"column":27},"end":{"line":42,"column":5}},"9":{"start":{"line":43,"column":45},"end":{"line":47,"column":5}},"10":{"start":{"line":49,"column":4},"end":{"line":49,"column":59}},"11":{"start":{"line":50,"column":4},"end":{"line":50,"column":64}},"12":{"start":{"line":51,"column":4},"end":{"line":51,"column":29}},"13":{"start":{"line":52,"column":4},"end":{"line":52,"column":59}},"14":{"start":{"line":53,"column":4},"end":{"line":53,"column":64}},"15":{"start":{"line":54,"column":4},"end":{"line":54,"column":29}},"16":{"start":{"line":56,"column":31},"end":{"line":61,"column":6}},"17":{"start":{"line":63,"column":31},"end":{"line":68,"column":6}},"18":{"start":{"line":69,"column":4},"end":{"line":72,"column":6}},"19":{"start":{"line":76,"column":0},"end":{"line":76,"column":37}}},"fnMap":{"0":{"name":"(anonymous_0)","decl":{"start":{"line":6,"column":2},"end":{"line":6,"column":3}},"loc":{"start":{"line":6,"column":37},"end":{"line":73,"column":3}},"line":6}},"branchMap":{},"s":{"0":3,"1":3,"2":3,"3":3,"4":3,"5":3,"6":3,"7":3,"8":3,"9":3,"10":3,"11":3,"12":3,"13":3,"14":3,"15":3,"16":3,"17":3,"18":3,"19":3},"f":{"0":3},"b":{},"_coverageSchema":"1a1c01bbd47fc00a2c39e90264f33305004495a9","hash":"339de95f983cf03a8fae50e16e7e0e12ae6bdfb4"}
,"/home/makavto/Документы/ucheba-main/7 sem/team work/gambitto/gambitto-backend/service/tokenService.js": {"path":"/home/makavto/Документы/ucheba-main/7 sem/team work/gambitto/gambitto-backend/service/tokenService.js","statementMap":{"0":{"start":{"line":1,"column":12},"end":{"line":1,"column":35}},"1":{"start":{"line":2,"column":0},"end":{"line":2,"column":67}},"2":{"start":{"line":3,"column":14},"end":{"line":3,"column":40}},"3":{"start":{"line":8,"column":24},"end":{"line":8,"column":120}},"4":{"start":{"line":9,"column":25},"end":{"line":9,"column":123}},"5":{"start":{"line":10,"column":4},"end":{"line":13,"column":5}},"6":{"start":{"line":17,"column":4},"end":{"line":27,"column":5}},"7":{"start":{"line":18,"column":24},"end":{"line":18,"column":62}},"8":{"start":{"line":19,"column":6},"end":{"line":22,"column":7}},"9":{"start":{"line":20,"column":8},"end":{"line":20,"column":46}},"10":{"start":{"line":21,"column":8},"end":{"line":21,"column":31}},"11":{"start":{"line":23,"column":20},"end":{"line":23,"column":62}},"12":{"start":{"line":24,"column":6},"end":{"line":24,"column":19}},"13":{"start":{"line":31,"column":18},"end":{"line":31,"column":62}},"14":{"start":{"line":32,"column":4},"end":{"line":32,"column":17}},"15":{"start":{"line":36,"column":18},"end":{"line":36,"column":62}},"16":{"start":{"line":37,"column":4},"end":{"line":37,"column":17}},"17":{"start":{"line":41,"column":4},"end":{"line":46,"column":5}},"18":{"start":{"line":42,"column":23},"end":{"line":42,"column":71}},"19":{"start":{"line":43,"column":6},"end":{"line":43,"column":22}},"20":{"start":{"line":45,"column":6},"end":{"line":45,"column":17}},"21":{"start":{"line":50,"column":4},"end":{"line":55,"column":5}},"22":{"start":{"line":51,"column":23},"end":{"line":51,"column":72}},"23":{"start":{"line":52,"column":6},"end":{"line":52,"column":22}},"24":{"start":{"line":54,"column":6},"end":{"line":54,"column":17}},"25":{"start":{"line":60,"column":0},"end":{"line":60,"column":36}}},"fnMap":{"0":{"name":"(anonymous_0)","decl":{"start":{"line":7,"column":2},"end":{"line":7,"column":3}},"loc":{"start":{"line":7,"column":25},"end":{"line":14,"column":3}},"line":7},"1":{"name":"(anonymous_1)","decl":{"start":{"line":16,"column":2},"end":{"line":16,"column":3}},"loc":{"start":{"line":16,"column":40},"end":{"line":28,"column":3}},"line":16},"2":{"name":"(anonymous_2)","decl":{"start":{"line":30,"column":2},"end":{"line":30,"column":3}},"loc":{"start":{"line":30,"column":34},"end":{"line":33,"column":3}},"line":30},"3":{"name":"(anonymous_3)","decl":{"start":{"line":35,"column":2},"end":{"line":35,"column":3}},"loc":{"start":{"line":35,"column":32},"end":{"line":38,"column":3}},"line":35},"4":{"name":"(anonymous_4)","decl":{"start":{"line":40,"column":2},"end":{"line":40,"column":3}},"loc":{"start":{"line":40,"column":29},"end":{"line":47,"column":3}},"line":40},"5":{"name":"(anonymous_5)","decl":{"start":{"line":49,"column":2},"end":{"line":49,"column":3}},"loc":{"start":{"line":49,"column":30},"end":{"line":56,"column":3}},"line":49}},"branchMap":{"0":{"loc":{"start":{"line":19,"column":6},"end":{"line":22,"column":7}},"type":"if","locations":[{"start":{"line":19,"column":6},"end":{"line":22,"column":7}},{"start":{},"end":{}}],"line":19}},"s":{"0":3,"1":3,"2":3,"3":17,"4":17,"5":17,"6":17,"7":17,"8":17,"9":5,"10":5,"11":12,"12":11,"13":1,"14":1,"15":2,"16":2,"17":0,"18":0,"19":0,"20":0,"21":2,"22":2,"23":1,"24":1,"25":3},"f":{"0":17,"1":17,"2":1,"3":2,"4":0,"5":2},"b":{"0":[5,12]},"_coverageSchema":"1a1c01bbd47fc00a2c39e90264f33305004495a9","hash":"8219cd03e29ae4d46193c07d3ea03923145ac3f3"}
,"/home/makavto/Документы/ucheba-main/7 sem/team work/gambitto/gambitto-backend/service/userService.js": {"path":"/home/makavto/Документы/ucheba-main/7 sem/team work/gambitto/gambitto-backend/service/userService.js","statementMap":{"0":{"start":{"line":1,"column":13},"end":{"line":1,"column":38}},"1":{"start":{"line":2,"column":17},"end":{"line":2,"column":45}},"2":{"start":{"line":3,"column":15},"end":{"line":3,"column":32}},"3":{"start":{"line":4,"column":21},"end":{"line":4,"column":46}},"4":{"start":{"line":5,"column":16},"end":{"line":5,"column":42}},"5":{"start":{"line":6,"column":15},"end":{"line":6,"column":35}},"6":{"start":{"line":7,"column":19},"end":{"line":7,"column":48}},"7":{"start":{"line":8,"column":22},"end":{"line":8,"column":54}},"8":{"start":{"line":9,"column":21},"end":{"line":9,"column":52}},"9":{"start":{"line":10,"column":27},"end":{"line":10,"column":47}},"10":{"start":{"line":15,"column":4},"end":{"line":19,"column":5}},"11":{"start":{"line":16,"column":6},"end":{"line":18,"column":8}},"12":{"start":{"line":20,"column":4},"end":{"line":24,"column":5}},"13":{"start":{"line":21,"column":6},"end":{"line":23,"column":8}},"14":{"start":{"line":26,"column":27},"end":{"line":26,"column":57}},"15":{"start":{"line":27,"column":17},"end":{"line":33,"column":6}},"16":{"start":{"line":34,"column":4},"end":{"line":38,"column":7}},"17":{"start":{"line":39,"column":20},"end":{"line":39,"column":37}},"18":{"start":{"line":40,"column":19},"end":{"line":40,"column":61}},"19":{"start":{"line":41,"column":4},"end":{"line":41,"column":57}},"20":{"start":{"line":43,"column":4},"end":{"line":43,"column":40}},"21":{"start":{"line":48,"column":17},"end":{"line":48,"column":57}},"22":{"start":{"line":49,"column":4},"end":{"line":53,"column":5}},"23":{"start":{"line":50,"column":6},"end":{"line":52,"column":8}},"24":{"start":{"line":54,"column":28},"end":{"line":54,"column":73}},"25":{"start":{"line":55,"column":4},"end":{"line":57,"column":5}},"26":{"start":{"line":56,"column":6},"end":{"line":56,"column":51}},"27":{"start":{"line":58,"column":20},"end":{"line":58,"column":37}},"28":{"start":{"line":59,"column":19},"end":{"line":59,"column":61}},"29":{"start":{"line":60,"column":4},"end":{"line":60,"column":57}},"30":{"start":{"line":62,"column":4},"end":{"line":62,"column":40}},"31":{"start":{"line":67,"column":18},"end":{"line":67,"column":62}},"32":{"start":{"line":68,"column":4},"end":{"line":68,"column":17}},"33":{"start":{"line":73,"column":4},"end":{"line":75,"column":5}},"34":{"start":{"line":74,"column":6},"end":{"line":74,"column":36}},"35":{"start":{"line":76,"column":21},"end":{"line":76,"column":68}},"36":{"start":{"line":77,"column":24},"end":{"line":77,"column":66}},"37":{"start":{"line":78,"column":4},"end":{"line":80,"column":5}},"38":{"start":{"line":79,"column":6},"end":{"line":79,"column":36}},"39":{"start":{"line":81,"column":17},"end":{"line":81,"column":67}},"40":{"start":{"line":82,"column":20},"end":{"line":82,"column":37}},"41":{"start":{"line":83,"column":19},"end":{"line":83,"column":61}},"42":{"start":{"line":84,"column":4},"end":{"line":84,"column":57}},"43":{"start":{"line":85,"column":4},"end":{"line":85,"column":40}},"44":{"start":{"line":90,"column":18},"end":{"line":97,"column":6}},"45":{"start":{"line":98,"column":21},"end":{"line":100,"column":5}},"46":{"start":{"line":99,"column":32},"end":{"line":99,"column":69}},"47":{"start":{"line":101,"column":4},"end":{"line":101,"column":20}},"48":{"start":{"line":106,"column":17},"end":{"line":106,"column":54}},"49":{"start":{"line":107,"column":4},"end":{"line":107,"column":29}},"50":{"start":{"line":111,"column":18},"end":{"line":114,"column":6}},"51":{"start":{"line":116,"column":19},"end":{"line":120,"column":5}},"52":{"start":{"line":118,"column":8},"end":{"line":118,"column":42}},"53":{"start":{"line":121,"column":4},"end":{"line":121,"column":20}},"54":{"start":{"line":125,"column":17},"end":{"line":125,"column":54}},"55":{"start":{"line":126,"column":4},"end":{"line":126,"column":34}},"56":{"start":{"line":130,"column":0},"end":{"line":130,"column":35}}},"fnMap":{"0":{"name":"(anonymous_0)","decl":{"start":{"line":14,"column":2},"end":{"line":14,"column":3}},"loc":{"start":{"line":14,"column":44},"end":{"line":44,"column":3}},"line":14},"1":{"name":"(anonymous_1)","decl":{"start":{"line":47,"column":2},"end":{"line":47,"column":3}},"loc":{"start":{"line":47,"column":31},"end":{"line":63,"column":3}},"line":47},"2":{"name":"(anonymous_2)","decl":{"start":{"line":66,"column":2},"end":{"line":66,"column":3}},"loc":{"start":{"line":66,"column":29},"end":{"line":69,"column":3}},"line":66},"3":{"name":"(anonymous_3)","decl":{"start":{"line":72,"column":2},"end":{"line":72,"column":3}},"loc":{"start":{"line":72,"column":30},"end":{"line":86,"column":3}},"line":72},"4":{"name":"(anonymous_4)","decl":{"start":{"line":89,"column":2},"end":{"line":89,"column":3}},"loc":{"start":{"line":89,"column":38},"end":{"line":102,"column":3}},"line":89},"5":{"name":"(anonymous_5)","decl":{"start":{"line":99,"column":16},"end":{"line":99,"column":17}},"loc":{"start":{"line":99,"column":32},"end":{"line":99,"column":69}},"line":99},"6":{"name":"(anonymous_6)","decl":{"start":{"line":105,"column":2},"end":{"line":105,"column":3}},"loc":{"start":{"line":105,"column":24},"end":{"line":108,"column":3}},"line":105},"7":{"name":"(anonymous_7)","decl":{"start":{"line":110,"column":2},"end":{"line":110,"column":3}},"loc":{"start":{"line":110,"column":22},"end":{"line":122,"column":3}},"line":110},"8":{"name":"(anonymous_8)","decl":{"start":{"line":117,"column":16},"end":{"line":117,"column":17}},"loc":{"start":{"line":117,"column":32},"end":{"line":119,"column":7}},"line":117},"9":{"name":"(anonymous_9)","decl":{"start":{"line":124,"column":2},"end":{"line":124,"column":3}},"loc":{"start":{"line":124,"column":25},"end":{"line":127,"column":3}},"line":124}},"branchMap":{"0":{"loc":{"start":{"line":15,"column":4},"end":{"line":19,"column":5}},"type":"if","locations":[{"start":{"line":15,"column":4},"end":{"line":19,"column":5}},{"start":{},"end":{}}],"line":15},"1":{"loc":{"start":{"line":20,"column":4},"end":{"line":24,"column":5}},"type":"if","locations":[{"start":{"line":20,"column":4},"end":{"line":24,"column":5}},{"start":{},"end":{}}],"line":20},"2":{"loc":{"start":{"line":49,"column":4},"end":{"line":53,"column":5}},"type":"if","locations":[{"start":{"line":49,"column":4},"end":{"line":53,"column":5}},{"start":{},"end":{}}],"line":49},"3":{"loc":{"start":{"line":55,"column":4},"end":{"line":57,"column":5}},"type":"if","locations":[{"start":{"line":55,"column":4},"end":{"line":57,"column":5}},{"start":{},"end":{}}],"line":55},"4":{"loc":{"start":{"line":73,"column":4},"end":{"line":75,"column":5}},"type":"if","locations":[{"start":{"line":73,"column":4},"end":{"line":75,"column":5}},{"start":{},"end":{}}],"line":73},"5":{"loc":{"start":{"line":78,"column":4},"end":{"line":80,"column":5}},"type":"if","locations":[{"start":{"line":78,"column":4},"end":{"line":80,"column":5}},{"start":{},"end":{}}],"line":78},"6":{"loc":{"start":{"line":78,"column":8},"end":{"line":78,"column":33}},"type":"binary-expr","locations":[{"start":{"line":78,"column":8},"end":{"line":78,"column":17}},{"start":{"line":78,"column":21},"end":{"line":78,"column":33}}],"line":78}},"s":{"0":3,"1":3,"2":3,"3":3,"4":3,"5":3,"6":3,"7":3,"8":3,"9":3,"10":14,"11":1,"12":13,"13":1,"14":12,"15":12,"16":12,"17":12,"18":12,"19":12,"20":12,"21":6,"22":6,"23":1,"24":5,"25":5,"26":1,"27":4,"28":4,"29":4,"30":4,"31":1,"32":1,"33":2,"34":0,"35":2,"36":2,"37":2,"38":1,"39":1,"40":1,"41":1,"42":1,"43":1,"44":1,"45":1,"46":1,"47":1,"48":30,"49":30,"50":1,"51":1,"52":1,"53":1,"54":1,"55":1,"56":3},"f":{"0":14,"1":6,"2":1,"3":2,"4":1,"5":1,"6":30,"7":1,"8":1,"9":1},"b":{"0":[1,13],"1":[1,12],"2":[1,5],"3":[1,4],"4":[0,2],"5":[1,1],"6":[2,1]},"_coverageSchema":"1a1c01bbd47fc00a2c39e90264f33305004495a9","hash":"639acac1349de853b489686126ff009916cc593d"}
,"/home/makavto/Документы/ucheba-main/7 sem/team work/gambitto/gambitto-backend/utils/RatingFunction.js": {"path":"/home/makavto/Документы/ucheba-main/7 sem/team work/gambitto/gambitto-backend/utils/RatingFunction.js","statementMap":{"0":{"start":{"line":1,"column":15},"end":{"line":1,"column":34}},"1":{"start":{"line":2,"column":10},"end":{"line":2,"column":13}},"2":{"start":{"line":3,"column":10},"end":{"line":3,"column":20}},"3":{"start":{"line":5,"column":0},"end":{"line":67,"column":2}},"4":{"start":{"line":6,"column":14},"end":{"line":6,"column":24}},"5":{"start":{"line":10,"column":16},"end":{"line":10,"column":19}},"6":{"start":{"line":12,"column":6},"end":{"line":12,"column":70}},"7":{"start":{"line":13,"column":4},"end":{"line":13,"column":52}},"8":{"start":{"line":17,"column":14},"end":{"line":17,"column":32}},"9":{"start":{"line":20,"column":6},"end":{"line":20,"column":70}},"10":{"start":{"line":24,"column":6},"end":{"line":24,"column":57}},"11":{"start":{"line":27,"column":20},"end":{"line":27,"column":33}},"12":{"start":{"line":28,"column":20},"end":{"line":28,"column":69}},"13":{"start":{"line":29,"column":13},"end":{"line":29,"column":72}},"14":{"start":{"line":30,"column":16},"end":{"line":30,"column":78}},"15":{"start":{"line":31,"column":16},"end":{"line":31,"column":55}},"16":{"start":{"line":32,"column":20},"end":{"line":32,"column":34}},"17":{"start":{"line":34,"column":4},"end":{"line":34,"column":39}},"18":{"start":{"line":37,"column":23},"end":{"line":37,"column":67}},"19":{"start":{"line":38,"column":23},"end":{"line":38,"column":67}},"20":{"start":{"line":40,"column":21},"end":{"line":46,"column":3}},"21":{"start":{"line":47,"column":21},"end":{"line":53,"column":3}},"22":{"start":{"line":55,"column":2},"end":{"line":66,"column":4}}},"fnMap":{"0":{"name":"countPlayersRating","decl":{"start":{"line":5,"column":26},"end":{"line":5,"column":44}},"loc":{"start":{"line":5,"column":71},"end":{"line":67,"column":1}},"line":5},"1":{"name":"calculateNewRd","decl":{"start":{"line":8,"column":11},"end":{"line":8,"column":25}},"loc":{"start":{"line":8,"column":44},"end":{"line":14,"column":3}},"line":8},"2":{"name":"glickoRating","decl":{"start":{"line":16,"column":11},"end":{"line":16,"column":23}},"loc":{"start":{"line":16,"column":71},"end":{"line":35,"column":3}},"line":16},"3":{"name":"g","decl":{"start":{"line":19,"column":13},"end":{"line":19,"column":14}},"loc":{"start":{"line":19,"column":19},"end":{"line":21,"column":5}},"line":19},"4":{"name":"expectedScore","decl":{"start":{"line":23,"column":13},"end":{"line":23,"column":26}},"loc":{"start":{"line":23,"column":38},"end":{"line":25,"column":5}},"line":23}},"branchMap":{},"s":{"0":3,"1":3,"2":3,"3":3,"4":3,"5":6,"6":6,"7":6,"8":6,"9":12,"10":6,"11":6,"12":6,"13":6,"14":6,"15":6,"16":6,"17":6,"18":3,"19":3,"20":3,"21":3,"22":3},"f":{"0":3,"1":6,"2":6,"3":12,"4":6},"b":{},"_coverageSchema":"1a1c01bbd47fc00a2c39e90264f33305004495a9","hash":"6f6cca7c50fa5d747d4618c783e69c4c932a0638"}
}
