TN:
SF:constants.js
FNF:0
FNH:0
DA:1,3
DA:12,3
DA:51,3
DA:53,3
DA:55,3
LF:5
LH:5
BRF:0
BRH:0
end_of_record
TN:
SF:db.js
FNF:0
FNH:0
DA:1,3
DA:2,3
DA:4,3
LF:3
LH:3
BRF:0
BRH:0
end_of_record
TN:
SF:error/ApiError.js
FN:2,(anonymous_0)
FN:8,(anonymous_1)
FN:20,(anonymous_2)
FNF:3
FNH:3
FNDA:19,(anonymous_0)
FNDA:18,(anonymous_1)
FNDA:1,(anonymous_2)
DA:3,19
DA:4,19
DA:5,19
DA:9,18
DA:21,1
DA:25,3
LF:6
LH:6
BRF:0
BRH:0
end_of_record
TN:
SF:models/Chat.js
FNF:0
FNH:0
DA:1,3
DA:2,3
DA:4,3
DA:8,3
LF:4
LH:4
BRF:0
BRH:0
end_of_record
TN:
SF:models/ChessGame.js
FNF:0
FNH:0
DA:1,3
DA:2,3
DA:4,3
DA:10,3
LF:4
LH:4
BRF:0
BRH:0
end_of_record
TN:
SF:models/ChessMove.js
FNF:0
FNH:0
DA:1,3
DA:2,3
DA:4,3
DA:11,3
LF:4
LH:4
BRF:0
BRH:0
end_of_record
TN:
SF:models/Friendship.js
FNF:0
FNH:0
DA:1,3
DA:2,3
DA:4,3
DA:8,3
LF:4
LH:4
BRF:0
BRH:0
end_of_record
TN:
SF:models/FriendshipStatus.js
FNF:0
FNH:0
DA:1,3
DA:2,3
DA:4,3
DA:10,3
LF:4
LH:4
BRF:0
BRH:0
end_of_record
TN:
SF:models/GameStatus.js
FNF:0
FNH:0
DA:1,3
DA:2,3
DA:4,3
DA:10,3
LF:4
LH:4
BRF:0
BRH:0
end_of_record
TN:
SF:models/Message.js
FNF:0
FNH:0
DA:1,3
DA:2,3
DA:4,3
DA:9,3
LF:4
LH:4
BRF:0
BRH:0
end_of_record
TN:
SF:models/RatingsHistory.js
FNF:0
FNH:0
DA:1,3
DA:2,3
DA:4,3
DA:12,3
LF:4
LH:4
BRF:0
BRH:0
end_of_record
TN:
SF:models/Token.js
FNF:0
FNH:0
DA:1,3
DA:2,3
DA:4,3
DA:9,3
LF:4
LH:4
BRF:0
BRH:0
end_of_record
TN:
SF:models/User.js
FNF:0
FNH:0
DA:1,3
DA:2,3
DA:4,3
DA:13,3
LF:4
LH:4
BRF:0
BRH:0
end_of_record
TN:
SF:models/relations.js
FN:3,(anonymous_0)
FNF:1
FNH:1
FNDA:3,(anonymous_0)
DA:1,3
DA:3,3
DA:4,3
DA:5,3
DA:6,3
DA:7,3
DA:8,3
DA:9,3
DA:10,3
DA:11,3
DA:12,3
DA:13,3
DA:15,3
DA:16,3
DA:17,3
DA:19,3
DA:20,3
DA:22,3
DA:23,3
DA:24,3
DA:25,3
DA:26,3
DA:28,3
DA:29,3
DA:31,3
DA:32,3
DA:34,3
DA:36,3
DA:37,3
DA:38,3
DA:40,3
DA:42,3
LF:32
LH:32
BRF:0
BRH:0
end_of_record
TN:
SF:seeds/friendshipStatusSeeds.js
FN:4,(anonymous_0)
FN:5,(anonymous_1)
FNF:2
FNH:2
FNDA:3,(anonymous_0)
FNDA:6,(anonymous_1)
DA:1,3
DA:2,3
DA:4,3
DA:5,3
DA:6,6
DA:10,3
LF:6
LH:6
BRF:0
BRH:0
end_of_record
TN:
SF:seeds/gameStatusSeeds.js
FN:4,(anonymous_0)
FN:5,(anonymous_1)
FNF:2
FNH:2
FNDA:3,(anonymous_0)
FNDA:27,(anonymous_1)
DA:1,3
DA:2,3
DA:4,3
DA:5,3
DA:6,27
DA:10,3
LF:6
LH:6
BRF:0
BRH:0
end_of_record
TN:
SF:seeds/indexSeeds.js
FN:6,(anonymous_0)
FNF:1
FNH:1
FNDA:3,(anonymous_0)
DA:1,3
DA:2,3
DA:3,3
DA:4,3
DA:6,3
DA:7,3
DA:8,3
DA:14,3
LF:8
LH:8
BRF:0
BRH:0
end_of_record
TN:
SF:seeds/mockUsersSeeds.js
FN:4,getRandomNumber
FN:8,(anonymous_1)
FNF:2
FNH:0
FNDA:0,getRandomNumber
FNDA:0,(anonymous_1)
DA:1,3
DA:2,3
DA:5,0
DA:8,3
DA:9,0
DA:11,0
DA:15,3
LF:7
LH:4
BRF:0
BRH:0
end_of_record
TN:
SF:service/chessService.js
FN:21,(anonymous_0)
FN:49,(anonymous_1)
FN:98,(anonymous_2)
FN:108,(anonymous_3)
FN:115,(anonymous_4)
FN:121,(anonymous_5)
FN:142,(anonymous_6)
FN:163,(anonymous_7)
FN:175,(anonymous_8)
FN:267,(anonymous_9)
FN:295,(anonymous_10)
FN:303,(anonymous_11)
FNF:12
FNH:10
FNDA:14,(anonymous_0)
FNDA:4,(anonymous_1)
FNDA:1,(anonymous_2)
FNDA:3,(anonymous_3)
FNDA:0,(anonymous_4)
FNDA:10,(anonymous_5)
FNDA:2,(anonymous_6)
FNDA:0,(anonymous_7)
FNDA:19,(anonymous_8)
FNDA:2,(anonymous_9)
FNDA:1,(anonymous_10)
FNDA:3,(anonymous_11)
DA:1,3
DA:2,3
DA:9,3
DA:10,3
DA:14,3
DA:15,3
DA:16,3
DA:17,3
DA:18,3
DA:22,14
DA:23,14
DA:24,14
DA:25,2
DA:29,12
DA:30,7
DA:31,7
DA:33,5
DA:34,5
DA:36,12
DA:39,12
DA:46,12
DA:50,4
DA:51,4
DA:52,0
DA:54,4
DA:55,4
DA:56,0
DA:61,0
DA:66,0
DA:67,0
DA:68,0
DA:69,0
DA:70,0
DA:72,0
DA:73,0
DA:75,0
DA:82,0
DA:85,4
DA:86,0
DA:88,4
DA:89,0
DA:90,0
DA:91,0
DA:94,4
DA:99,1
DA:100,0
DA:101,0
DA:102,0
DA:105,1
DA:109,3
DA:113,3
DA:114,0
DA:116,0
DA:122,10
DA:125,10
DA:126,2
DA:128,8
DA:131,8
DA:132,0
DA:134,8
DA:137,8
DA:138,8
DA:139,8
DA:143,2
DA:146,2
DA:147,1
DA:149,1
DA:152,1
DA:153,0
DA:155,1
DA:158,1
DA:159,1
DA:160,1
DA:164,0
DA:169,0
DA:170,0
DA:172,0
DA:176,19
DA:179,19
DA:186,19
DA:187,0
DA:189,19
DA:193,19
DA:196,19
DA:197,19
DA:198,13
DA:199,13
DA:202,19
DA:203,19
DA:207,1
DA:209,18
DA:210,18
DA:212,1
DA:214,17
DA:223,17
DA:224,2
DA:225,1
DA:226,1
DA:230,1
DA:231,1
DA:235,2
DA:236,2
DA:238,17
DA:239,0
DA:240,0
DA:241,0
DA:242,0
DA:244,17
DA:245,0
DA:246,0
DA:249,0
DA:250,0
DA:252,17
DA:253,0
DA:254,0
DA:255,0
DA:256,0
DA:258,17
DA:259,0
DA:260,0
DA:261,0
DA:262,0
DA:264,17
DA:268,2
DA:271,2
DA:278,2
DA:279,1
DA:282,1
DA:283,1
DA:284,1
DA:286,1
DA:287,0
DA:288,0
DA:290,1
DA:291,1
DA:292,1
DA:296,1
DA:299,1
DA:302,1
DA:304,3
DA:310,3
LF:141
LH:95
BRDA:24,0,0,2
BRDA:24,0,1,12
BRDA:24,1,0,14
BRDA:24,1,1,14
BRDA:24,1,2,13
BRDA:29,2,0,7
BRDA:29,2,1,5
BRDA:51,3,0,0
BRDA:51,3,1,4
BRDA:56,4,0,0
BRDA:56,4,1,0
BRDA:57,5,0,0
BRDA:57,5,1,0
BRDA:68,6,0,0
BRDA:68,6,1,0
BRDA:85,7,0,0
BRDA:85,7,1,4
BRDA:89,8,0,0
BRDA:89,8,1,0
BRDA:100,9,0,0
BRDA:100,9,1,0
BRDA:113,10,0,3
BRDA:113,10,1,0
BRDA:113,11,0,3
BRDA:113,11,1,0
BRDA:125,12,0,2
BRDA:125,12,1,8
BRDA:131,13,0,0
BRDA:131,13,1,8
BRDA:146,14,0,1
BRDA:146,14,1,1
BRDA:152,15,0,0
BRDA:152,15,1,1
BRDA:169,16,0,0
BRDA:169,16,1,0
BRDA:186,17,0,0
BRDA:186,17,1,19
BRDA:193,18,0,13
BRDA:193,18,1,6
BRDA:197,19,0,13
BRDA:197,19,1,6
BRDA:203,20,0,1
BRDA:203,20,1,18
BRDA:204,21,0,19
BRDA:204,21,1,12
BRDA:204,21,2,18
BRDA:204,21,3,7
BRDA:215,22,0,13
BRDA:215,22,1,4
BRDA:223,23,0,2
BRDA:223,23,1,15
BRDA:224,24,0,1
BRDA:224,24,1,1
BRDA:238,25,0,0
BRDA:238,25,1,17
BRDA:244,26,0,0
BRDA:244,26,1,17
BRDA:252,27,0,0
BRDA:252,27,1,17
BRDA:258,28,0,0
BRDA:258,28,1,17
BRDA:278,29,0,1
BRDA:278,29,1,1
BRDA:282,30,0,1
BRDA:282,30,1,0
BRDA:286,31,0,0
BRDA:286,31,1,1
BRF:67
BRH:42
end_of_record
TN:
SF:service/friendshipService.js
FN:7,(anonymous_0)
FN:19,(anonymous_1)
FN:29,(anonymous_2)
FN:37,(anonymous_3)
FN:39,(anonymous_4)
FN:44,(anonymous_5)
FN:53,(anonymous_6)
FN:56,(anonymous_7)
FNF:8
FNH:8
FNDA:10,(anonymous_0)
FNDA:5,(anonymous_1)
FNDA:2,(anonymous_2)
FNDA:1,(anonymous_3)
FNDA:1,(anonymous_4)
FNDA:2,(anonymous_5)
FNDA:2,(anonymous_6)
FNDA:1,(anonymous_7)
DA:1,1
DA:2,1
DA:3,1
DA:4,1
DA:8,10
DA:9,1
DA:11,9
DA:12,1
DA:14,8
DA:15,8
DA:16,8
DA:20,5
DA:21,5
DA:22,5
DA:23,5
DA:24,3
DA:25,3
DA:26,3
DA:30,2
DA:31,2
DA:32,2
DA:33,1
DA:34,1
DA:38,1
DA:39,1
DA:40,1
DA:45,2
DA:46,2
DA:47,1
DA:49,1
DA:50,1
DA:54,2
DA:55,2
DA:56,2
DA:57,1
DA:62,1
LF:36
LH:36
BRDA:8,0,0,1
BRDA:8,0,1,9
BRDA:11,1,0,1
BRDA:11,1,1,8
BRDA:23,2,0,2
BRDA:23,2,1,3
BRDA:32,3,0,1
BRDA:32,3,1,1
BRDA:46,4,0,1
BRDA:46,4,1,1
BRF:10
BRH:10
end_of_record
TN:
SF:service/ratingService.js
FN:6,(anonymous_0)
FNF:1
FNH:1
FNDA:3,(anonymous_0)
DA:1,3
DA:2,3
DA:3,3
DA:7,3
DA:10,3
DA:20,3
DA:23,3
DA:33,3
DA:38,3
DA:43,3
DA:49,3
DA:50,3
DA:51,3
DA:52,3
DA:53,3
DA:54,3
DA:56,3
DA:63,3
DA:69,3
DA:76,3
LF:20
LH:20
BRF:0
BRH:0
end_of_record
TN:
SF:service/tokenService.js
FN:7,(anonymous_0)
FN:16,(anonymous_1)
FN:30,(anonymous_2)
FN:35,(anonymous_3)
FN:40,(anonymous_4)
FN:49,(anonymous_5)
FNF:6
FNH:5
FNDA:17,(anonymous_0)
FNDA:17,(anonymous_1)
FNDA:1,(anonymous_2)
FNDA:2,(anonymous_3)
FNDA:0,(anonymous_4)
FNDA:2,(anonymous_5)
DA:1,3
DA:2,3
DA:3,3
DA:8,17
DA:9,17
DA:10,17
DA:17,17
DA:18,17
DA:19,17
DA:20,5
DA:21,5
DA:23,12
DA:24,11
DA:31,1
DA:32,1
DA:36,2
DA:37,2
DA:41,0
DA:42,0
DA:43,0
DA:45,0
DA:50,2
DA:51,2
DA:52,1
DA:54,1
DA:60,3
LF:26
LH:22
BRDA:19,0,0,5
BRDA:19,0,1,12
BRF:2
BRH:2
end_of_record
TN:
SF:service/userService.js
FN:14,(anonymous_0)
FN:47,(anonymous_1)
FN:66,(anonymous_2)
FN:72,(anonymous_3)
FN:89,(anonymous_4)
FN:99,(anonymous_5)
FN:105,(anonymous_6)
FN:110,(anonymous_7)
FN:117,(anonymous_8)
FN:124,(anonymous_9)
FNF:10
FNH:10
FNDA:14,(anonymous_0)
FNDA:6,(anonymous_1)
FNDA:1,(anonymous_2)
FNDA:2,(anonymous_3)
FNDA:1,(anonymous_4)
FNDA:1,(anonymous_5)
FNDA:30,(anonymous_6)
FNDA:1,(anonymous_7)
FNDA:1,(anonymous_8)
FNDA:1,(anonymous_9)
DA:1,3
DA:2,3
DA:3,3
DA:4,3
DA:5,3
DA:6,3
DA:7,3
DA:8,3
DA:9,3
DA:10,3
DA:15,14
DA:16,1
DA:20,13
DA:21,1
DA:26,12
DA:27,12
DA:34,12
DA:39,12
DA:40,12
DA:41,12
DA:43,12
DA:48,6
DA:49,6
DA:50,1
DA:54,5
DA:55,5
DA:56,1
DA:58,4
DA:59,4
DA:60,4
DA:62,4
DA:67,1
DA:68,1
DA:73,2
DA:74,0
DA:76,2
DA:77,2
DA:78,2
DA:79,1
DA:81,1
DA:82,1
DA:83,1
DA:84,1
DA:85,1
DA:90,1
DA:98,1
DA:99,1
DA:101,1
DA:106,30
DA:107,30
DA:111,1
DA:116,1
DA:118,1
DA:121,1
DA:125,1
DA:126,1
DA:130,3
LF:57
LH:56
BRDA:15,0,0,1
BRDA:15,0,1,13
BRDA:20,1,0,1
BRDA:20,1,1,12
BRDA:49,2,0,1
BRDA:49,2,1,5
BRDA:55,3,0,1
BRDA:55,3,1,4
BRDA:73,4,0,0
BRDA:73,4,1,2
BRDA:78,5,0,1
BRDA:78,5,1,1
BRDA:78,6,0,2
BRDA:78,6,1,1
BRF:14
BRH:13
end_of_record
TN:
SF:utils/RatingFunction.js
FN:5,countPlayersRating
FN:8,calculateNewRd
FN:16,glickoRating
FN:19,g
FN:23,expectedScore
FNF:5
FNH:5
FNDA:3,countPlayersRating
FNDA:6,calculateNewRd
FNDA:6,glickoRating
FNDA:12,g
FNDA:6,expectedScore
DA:1,3
DA:2,3
DA:3,3
DA:5,3
DA:6,3
DA:10,6
DA:12,6
DA:13,6
DA:17,6
DA:20,12
DA:24,6
DA:27,6
DA:28,6
DA:29,6
DA:30,6
DA:31,6
DA:32,6
DA:34,6
DA:37,3
DA:38,3
DA:40,3
DA:47,3
DA:55,3
LF:23
LH:23
BRF:0
BRH:0
end_of_record
